<?xml version="1.0" encoding="UTF-8"?>
<!-- Generated by org.testng.reporters.JUnitXMLReporter -->
<testsuite hostname="DESKTOP-81M737A" ignored="0" name="Default test" tests="4" failures="0" timestamp="27 Aug 2017 01:06:17 GMT" time="0.087" errors="0">
  <testcase name="testEmployeeId0" time="0.011" classname="com.cts.java.test.ConsoleMenuTest"/>
  <testcase name="testEmployeeIdNegative" time="0.009" classname="com.cts.java.test.ConsoleMenuTest"/>
  <testcase name="testEmployeeNameEmpty" time="0.003" classname="com.cts.java.test.ConsoleMenuTest"/>
  <testcase name="testEmployeeNameNull" time="0.002" classname="com.cts.java.test.ConsoleMenuTest"/>
</testsuite> <!-- Default test -->
